2025-04-17 05:05:58 [INFO ] [main] [org.springframework.boot.StartupInfoLogger] - Starting StockMarketApplication using Java 21.0.6 with PID 49944 (D:\GitHub\Investment_Portfolio_Tracker\spend-app-backend\target\classes started by sayan in D:\GitHub\Investment_Portfolio_Tracker)
2025-04-17 05:05:58 [INFO ] [main] [org.springframework.boot.SpringApplication] - No active profile set, falling back to 1 default profile: "default"
2025-04-17 05:05:58 [INFO ] [main] [org.springframework.data.repository.config.RepositoryConfigurationDelegate] - Bootstrapping Spring Data JPA repositories in DEFAULT mode.
2025-04-17 05:05:58 [INFO ] [main] [org.springframework.data.repository.config.RepositoryConfigurationDelegate] - Finished Spring Data repository scanning in 50 ms. Found 8 JPA repository interfaces.
2025-04-17 05:05:59 [INFO ] [main] [org.springframework.boot.web.embedded.tomcat.TomcatWebServer] - Tomcat initialized with port(s): 6464 (http)
2025-04-17 05:05:59 [INFO ] [main] [org.apache.juli.logging.DirectJDKLog] - Starting service [Tomcat]
2025-04-17 05:05:59 [INFO ] [main] [org.apache.juli.logging.DirectJDKLog] - Starting Servlet engine: [Apache Tomcat/10.1.11]
2025-04-17 05:05:59 [INFO ] [main] [org.apache.juli.logging.DirectJDKLog] - Initializing Spring embedded WebApplicationContext
2025-04-17 05:05:59 [INFO ] [main] [org.springframework.boot.web.servlet.context.ServletWebServerApplicationContext] - Root WebApplicationContext: initialization completed in 1838 ms
2025-04-17 05:06:00 [INFO ] [main] [com.zaxxer.hikari.HikariDataSource] - HikariPool-1 - Starting...
2025-04-17 05:06:00 [INFO ] [main] [com.zaxxer.hikari.pool.HikariPool] - HikariPool-1 - Added connection com.mysql.cj.jdbc.ConnectionImpl@37b1149b
2025-04-17 05:06:00 [INFO ] [main] [com.zaxxer.hikari.HikariDataSource] - HikariPool-1 - Start completed.
2025-04-17 05:06:01 [INFO ] [main] [org.hibernate.jpa.internal.util.LogHelper] - HHH000204: Processing PersistenceUnitInfo [name: default]
2025-04-17 05:06:01 [INFO ] [main] [org.hibernate.Version] - HHH000412: Hibernate ORM core version 6.2.6.Final
2025-04-17 05:06:01 [INFO ] [main] [org.hibernate.cfg.Environment] - HHH000406: Using bytecode reflection optimizer
2025-04-17 05:06:01 [INFO ] [main] [org.hibernate.bytecode.internal.BytecodeProviderInitiator] - HHH000021: Bytecode provider name : bytebuddy
2025-04-17 05:06:01 [INFO ] [main] [org.springframework.orm.jpa.persistenceunit.SpringPersistenceUnitInfo] - No LoadTimeWeaver setup: ignoring JPA class transformer
2025-04-17 05:06:01 [INFO ] [main] [org.hibernate.bytecode.internal.BytecodeProviderInitiator] - HHH000021: Bytecode provider name : bytebuddy
2025-04-17 05:06:02 [INFO ] [main] [org.hibernate.engine.transaction.jta.platform.internal.JtaPlatformInitiator] - HHH000490: Using JtaPlatform implementation: [org.hibernate.engine.transaction.jta.platform.internal.NoJtaPlatform]
2025-04-17 05:06:02 [INFO ] [main] [org.springframework.orm.jpa.AbstractEntityManagerFactoryBean] - Initialized JPA EntityManagerFactory for persistence unit 'default'
2025-04-17 05:06:02 [INFO ] [main] [org.springframework.data.jpa.repository.query.QueryEnhancerFactory] - Hibernate is in classpath; If applicable, HQL parser will be used.
2025-04-17 05:06:03 [INFO ] [main] [org.quartz.impl.StdSchedulerFactory] - Using default implementation for ThreadExecutor
2025-04-17 05:06:03 [INFO ] [main] [org.quartz.core.SchedulerSignalerImpl] - Initialized Scheduler Signaller of type: class org.quartz.core.SchedulerSignalerImpl
2025-04-17 05:06:03 [INFO ] [main] [org.quartz.core.QuartzScheduler] - Quartz Scheduler v.2.3.2 created.
2025-04-17 05:06:03 [INFO ] [main] [org.quartz.impl.jdbcjobstore.JobStoreSupport] - Using db table-based data access locking (synchronization).
2025-04-17 05:06:03 [INFO ] [main] [org.quartz.impl.jdbcjobstore.JobStoreCMT] - JobStoreCMT initialized.
2025-04-17 05:06:03 [INFO ] [main] [org.quartz.core.QuartzScheduler] - Scheduler meta-data: Quartz Scheduler (v2.3.2) 'quartzScheduler' with instanceId 'NON_CLUSTERED'
  Scheduler class: 'org.quartz.core.QuartzScheduler' - running locally.
  NOT STARTED.
  Currently in standby mode.
  Number of jobs executed: 0
  Using thread pool 'org.quartz.simpl.SimpleThreadPool' - with 10 threads.
  Using job-store 'org.springframework.scheduling.quartz.LocalDataSourceJobStore' - which supports persistence. and is not clustered.

2025-04-17 05:06:03 [INFO ] [main] [org.quartz.impl.StdSchedulerFactory] - Quartz scheduler 'quartzScheduler' initialized from an externally provided properties instance.
2025-04-17 05:06:03 [INFO ] [main] [org.quartz.impl.StdSchedulerFactory] - Quartz scheduler version: 2.3.2
2025-04-17 05:06:03 [INFO ] [main] [org.quartz.core.QuartzScheduler] - JobFactory set to: org.springframework.scheduling.quartz.SpringBeanJobFactory@249a7ccc
2025-04-17 05:06:03 [INFO ] [main] [org.quartz.impl.jdbcjobstore.JobStoreSupport] - Freed 0 triggers from 'acquired' / 'blocked' state.
2025-04-17 05:06:03 [INFO ] [main] [org.quartz.impl.jdbcjobstore.JobStoreSupport] - Recovering 0 jobs that were in-progress at the time of the last shut-down.
2025-04-17 05:06:03 [INFO ] [main] [org.quartz.impl.jdbcjobstore.JobStoreSupport] - Recovery complete.
2025-04-17 05:06:03 [INFO ] [main] [org.quartz.impl.jdbcjobstore.JobStoreSupport] - Removed 0 'complete' triggers.
2025-04-17 05:06:03 [INFO ] [main] [org.quartz.impl.jdbcjobstore.JobStoreSupport] - Removed 0 stale fired job entries.
2025-04-17 05:06:03 [INFO ] [main] [org.quartz.core.QuartzScheduler] - Scheduler quartzScheduler_$_NON_CLUSTERED started.
2025-04-17 05:06:03 [WARN ] [main] [org.springframework.boot.autoconfigure.orm.jpa.JpaBaseConfiguration$JpaWebConfiguration] - spring.jpa.open-in-view is enabled by default. Therefore, database queries may be performed during view rendering. Explicitly configure spring.jpa.open-in-view to disable this warning
2025-04-17 05:06:03 [INFO ] [main] [org.springframework.boot.actuate.endpoint.web.EndpointLinksResolver] - Exposing 1 endpoint(s) beneath base path '/actuator'
2025-04-17 05:06:04 [INFO ] [main] [org.springframework.security.web.DefaultSecurityFilterChain] - Will secure any request with [org.springframework.security.web.session.DisableEncodeUrlFilter@46b3c1c2, org.springframework.security.web.context.request.async.WebAsyncManagerIntegrationFilter@53ef0db3, org.springframework.security.web.context.SecurityContextHolderFilter@69c4bbfe, org.springframework.security.web.header.HeaderWriterFilter@25c962b7, org.springframework.web.filter.CorsFilter@29957fe0, org.springframework.security.web.authentication.logout.LogoutFilter@4ff4478, com.finance.stockMarket.auth.config.JwtAuthenticationFilter@3af6d7a7, org.springframework.security.web.savedrequest.RequestCacheAwareFilter@1c322b6a, org.springframework.security.web.servletapi.SecurityContextHolderAwareRequestFilter@2254919b, org.springframework.security.web.authentication.AnonymousAuthenticationFilter@57d5dd0, org.springframework.security.web.access.ExceptionTranslationFilter@3d020409, org.springframework.security.web.access.intercept.AuthorizationFilter@33a4cdba]
2025-04-17 05:06:04 [INFO ] [main] [org.springframework.boot.web.embedded.tomcat.TomcatWebServer] - Tomcat started on port(s): 6464 (http) with context path ''
2025-04-17 05:06:04 [INFO ] [main] [org.springframework.boot.StartupInfoLogger] - Started StockMarketApplication in 6.697 seconds (process running for 7.274)
2025-04-17 05:06:07 [INFO ] [RMI TCP Connection(2)-127.0.0.1] [org.apache.juli.logging.DirectJDKLog] - Initializing Spring DispatcherServlet 'dispatcherServlet'
2025-04-17 05:06:07 [INFO ] [RMI TCP Connection(2)-127.0.0.1] [org.springframework.web.servlet.FrameworkServlet] - Initializing Servlet 'dispatcherServlet'
2025-04-17 05:06:07 [INFO ] [RMI TCP Connection(2)-127.0.0.1] [org.springframework.web.servlet.FrameworkServlet] - Completed initialization in 2 ms
2025-04-17 05:06:23 [ERROR] [http-nio-6464-exec-3] [com.finance.stockMarket.auth.controller.AuthenticationController] - getUserDetailsByJWT failed
2025-04-17 05:06:23 [ERROR] [http-nio-6464-exec-4] [com.finance.stockMarket.auth.controller.AuthenticationController] - getUserDetailsByJWT failed
2025-04-17 05:19:47 [INFO ] [main] [org.springframework.boot.StartupInfoLogger] - Starting StockMarketApplication using Java 21.0.6 with PID 45856 (D:\GitHub\Investment_Portfolio_Tracker\spend-app-backend\target\classes started by sayan in D:\GitHub\Investment_Portfolio_Tracker)
2025-04-17 05:19:47 [INFO ] [main] [org.springframework.boot.SpringApplication] - No active profile set, falling back to 1 default profile: "default"
2025-04-17 05:19:48 [INFO ] [main] [org.springframework.data.repository.config.RepositoryConfigurationDelegate] - Bootstrapping Spring Data JPA repositories in DEFAULT mode.
2025-04-17 05:19:48 [INFO ] [main] [org.springframework.data.repository.config.RepositoryConfigurationDelegate] - Finished Spring Data repository scanning in 45 ms. Found 8 JPA repository interfaces.
2025-04-17 05:19:49 [INFO ] [main] [org.springframework.boot.web.embedded.tomcat.TomcatWebServer] - Tomcat initialized with port(s): 6464 (http)
2025-04-17 05:19:49 [INFO ] [main] [org.apache.juli.logging.DirectJDKLog] - Starting service [Tomcat]
2025-04-17 05:19:49 [INFO ] [main] [org.apache.juli.logging.DirectJDKLog] - Starting Servlet engine: [Apache Tomcat/10.1.11]
2025-04-17 05:19:49 [INFO ] [main] [org.apache.juli.logging.DirectJDKLog] - Initializing Spring embedded WebApplicationContext
2025-04-17 05:19:49 [INFO ] [main] [org.springframework.boot.web.servlet.context.ServletWebServerApplicationContext] - Root WebApplicationContext: initialization completed in 1667 ms
2025-04-17 05:19:49 [INFO ] [main] [com.zaxxer.hikari.HikariDataSource] - HikariPool-1 - Starting...
2025-04-17 05:19:49 [INFO ] [main] [com.zaxxer.hikari.pool.HikariPool] - HikariPool-1 - Added connection com.mysql.cj.jdbc.ConnectionImpl@4cecc15a
2025-04-17 05:19:49 [INFO ] [main] [com.zaxxer.hikari.HikariDataSource] - HikariPool-1 - Start completed.
2025-04-17 05:19:50 [INFO ] [main] [org.hibernate.jpa.internal.util.LogHelper] - HHH000204: Processing PersistenceUnitInfo [name: default]
2025-04-17 05:19:50 [INFO ] [main] [org.hibernate.Version] - HHH000412: Hibernate ORM core version 6.2.6.Final
2025-04-17 05:19:50 [INFO ] [main] [org.hibernate.cfg.Environment] - HHH000406: Using bytecode reflection optimizer
2025-04-17 05:19:50 [INFO ] [main] [org.hibernate.bytecode.internal.BytecodeProviderInitiator] - HHH000021: Bytecode provider name : bytebuddy
2025-04-17 05:19:50 [INFO ] [main] [org.springframework.orm.jpa.persistenceunit.SpringPersistenceUnitInfo] - No LoadTimeWeaver setup: ignoring JPA class transformer
2025-04-17 05:19:50 [INFO ] [main] [org.hibernate.bytecode.internal.BytecodeProviderInitiator] - HHH000021: Bytecode provider name : bytebuddy
2025-04-17 05:19:51 [INFO ] [main] [org.hibernate.engine.transaction.jta.platform.internal.JtaPlatformInitiator] - HHH000490: Using JtaPlatform implementation: [org.hibernate.engine.transaction.jta.platform.internal.NoJtaPlatform]
2025-04-17 05:19:51 [INFO ] [main] [org.springframework.orm.jpa.AbstractEntityManagerFactoryBean] - Initialized JPA EntityManagerFactory for persistence unit 'default'
2025-04-17 05:19:51 [INFO ] [main] [org.springframework.data.jpa.repository.query.QueryEnhancerFactory] - Hibernate is in classpath; If applicable, HQL parser will be used.
2025-04-17 05:19:52 [INFO ] [main] [org.quartz.impl.StdSchedulerFactory] - Using default implementation for ThreadExecutor
2025-04-17 05:19:52 [INFO ] [main] [org.quartz.core.SchedulerSignalerImpl] - Initialized Scheduler Signaller of type: class org.quartz.core.SchedulerSignalerImpl
2025-04-17 05:19:52 [INFO ] [main] [org.quartz.core.QuartzScheduler] - Quartz Scheduler v.2.3.2 created.
2025-04-17 05:19:52 [INFO ] [main] [org.quartz.impl.jdbcjobstore.JobStoreSupport] - Using db table-based data access locking (synchronization).
2025-04-17 05:19:52 [INFO ] [main] [org.quartz.impl.jdbcjobstore.JobStoreCMT] - JobStoreCMT initialized.
2025-04-17 05:19:52 [INFO ] [main] [org.quartz.core.QuartzScheduler] - Scheduler meta-data: Quartz Scheduler (v2.3.2) 'quartzScheduler' with instanceId 'NON_CLUSTERED'
  Scheduler class: 'org.quartz.core.QuartzScheduler' - running locally.
  NOT STARTED.
  Currently in standby mode.
  Number of jobs executed: 0
  Using thread pool 'org.quartz.simpl.SimpleThreadPool' - with 10 threads.
  Using job-store 'org.springframework.scheduling.quartz.LocalDataSourceJobStore' - which supports persistence. and is not clustered.

2025-04-17 05:19:52 [INFO ] [main] [org.quartz.impl.StdSchedulerFactory] - Quartz scheduler 'quartzScheduler' initialized from an externally provided properties instance.
2025-04-17 05:19:52 [INFO ] [main] [org.quartz.impl.StdSchedulerFactory] - Quartz scheduler version: 2.3.2
2025-04-17 05:19:52 [INFO ] [main] [org.quartz.core.QuartzScheduler] - JobFactory set to: org.springframework.scheduling.quartz.SpringBeanJobFactory@700f356b
2025-04-17 05:19:52 [INFO ] [main] [org.quartz.impl.jdbcjobstore.JobStoreSupport] - Freed 0 triggers from 'acquired' / 'blocked' state.
2025-04-17 05:19:52 [INFO ] [main] [org.quartz.impl.jdbcjobstore.JobStoreSupport] - Recovering 0 jobs that were in-progress at the time of the last shut-down.
2025-04-17 05:19:52 [INFO ] [main] [org.quartz.impl.jdbcjobstore.JobStoreSupport] - Recovery complete.
2025-04-17 05:19:52 [INFO ] [main] [org.quartz.impl.jdbcjobstore.JobStoreSupport] - Removed 0 'complete' triggers.
2025-04-17 05:19:52 [INFO ] [main] [org.quartz.impl.jdbcjobstore.JobStoreSupport] - Removed 0 stale fired job entries.
2025-04-17 05:19:52 [INFO ] [main] [org.quartz.core.QuartzScheduler] - Scheduler quartzScheduler_$_NON_CLUSTERED started.
2025-04-17 05:19:52 [WARN ] [main] [org.springframework.boot.autoconfigure.orm.jpa.JpaBaseConfiguration$JpaWebConfiguration] - spring.jpa.open-in-view is enabled by default. Therefore, database queries may be performed during view rendering. Explicitly configure spring.jpa.open-in-view to disable this warning
2025-04-17 05:19:53 [INFO ] [main] [org.springframework.boot.actuate.endpoint.web.EndpointLinksResolver] - Exposing 1 endpoint(s) beneath base path '/actuator'
2025-04-17 05:19:53 [INFO ] [main] [org.springframework.security.web.DefaultSecurityFilterChain] - Will secure any request with [org.springframework.security.web.session.DisableEncodeUrlFilter@320684cd, org.springframework.security.web.context.request.async.WebAsyncManagerIntegrationFilter@687dc7e6, org.springframework.security.web.context.SecurityContextHolderFilter@2dda91b3, org.springframework.security.web.header.HeaderWriterFilter@753aacf, org.springframework.web.filter.CorsFilter@45cee4d2, org.springframework.security.web.authentication.logout.LogoutFilter@482b6e57, com.finance.stockMarket.auth.config.JwtAuthenticationFilter@43e9a8a2, org.springframework.security.web.savedrequest.RequestCacheAwareFilter@1c6d908b, org.springframework.security.web.servletapi.SecurityContextHolderAwareRequestFilter@49a2f134, org.springframework.security.web.authentication.AnonymousAuthenticationFilter@8d44ee6, org.springframework.security.web.access.ExceptionTranslationFilter@3b22cae9, org.springframework.security.web.access.intercept.AuthorizationFilter@72c50c9f]
2025-04-17 05:19:53 [INFO ] [main] [org.springframework.boot.web.embedded.tomcat.TomcatWebServer] - Tomcat started on port(s): 6464 (http) with context path ''
2025-04-17 05:19:53 [INFO ] [main] [org.springframework.boot.StartupInfoLogger] - Started StockMarketApplication in 6.43 seconds (process running for 6.913)
2025-04-17 05:19:56 [INFO ] [RMI TCP Connection(2)-127.0.0.1] [org.apache.juli.logging.DirectJDKLog] - Initializing Spring DispatcherServlet 'dispatcherServlet'
2025-04-17 05:19:56 [INFO ] [RMI TCP Connection(2)-127.0.0.1] [org.springframework.web.servlet.FrameworkServlet] - Initializing Servlet 'dispatcherServlet'
2025-04-17 05:19:56 [INFO ] [RMI TCP Connection(2)-127.0.0.1] [org.springframework.web.servlet.FrameworkServlet] - Completed initialization in 3 ms
2025-04-17 05:21:08 [ERROR] [http-nio-6464-exec-5] [com.finance.stockMarket.auth.controller.AuthenticationController] - getUserDetailsByJWT failed
2025-04-17 05:21:08 [ERROR] [http-nio-6464-exec-4] [com.finance.stockMarket.auth.controller.AuthenticationController] - getUserDetailsByJWT failed
2025-04-17 05:21:17 [ERROR] [http-nio-6464-exec-7] [com.finance.stockMarket.auth.controller.AuthenticationController] - getUserDetailsByJWT failed
2025-04-17 05:21:17 [ERROR] [http-nio-6464-exec-8] [com.finance.stockMarket.auth.controller.AuthenticationController] - getUserDetailsByJWT failed
2025-04-17 05:21:21 [ERROR] [http-nio-6464-exec-9] [com.finance.stockMarket.auth.controller.AuthenticationController] - getUserDetailsByJWT failed
2025-04-17 05:21:21 [ERROR] [http-nio-6464-exec-10] [com.finance.stockMarket.auth.controller.AuthenticationController] - getUserDetailsByJWT failed
2025-04-17 05:21:49 [ERROR] [http-nio-6464-exec-2] [com.finance.stockMarket.auth.controller.AuthenticationController] - getUserDetailsByJWT failed
2025-04-17 05:21:54 [ERROR] [http-nio-6464-exec-4] [com.finance.stockMarket.auth.controller.AuthenticationController] - getUserDetailsByJWT failed
2025-04-17 05:22:05 [INFO ] [http-nio-6464-exec-4] [com.finance.stockMarket.auth.config.LogoutService] - inside LogoutService()
2025-04-17 05:22:11 [ERROR] [http-nio-6464-exec-6] [com.finance.stockMarket.auth.controller.AuthenticationController] - getUserDetailsByJWT failed
2025-04-17 05:33:46 [WARN ] [pool-3-thread-1] [org.apache.pdfbox.pdmodel.font.FileSystemFontProvider] - New fonts found, font cache will be re-built
2025-04-17 05:33:46 [WARN ] [pool-3-thread-1] [org.apache.pdfbox.pdmodel.font.FileSystemFontProvider] - Building on-disk font cache, this may take a while
2025-04-17 05:33:46 [WARN ] [pool-3-thread-1] [org.apache.pdfbox.pdmodel.font.FileSystemFontProvider] - Finished building on-disk font cache, found 224 fonts
2025-04-17 05:33:46 [WARN ] [pool-3-thread-1] [org.apache.pdfbox.pdmodel.font.PDTrueTypeFont] - Using fallback font 'Arial-BoldMT' for 'Trebuchet MS,Bold'
2025-04-17 05:33:46 [WARN ] [pool-3-thread-1] [org.apache.pdfbox.pdmodel.font.PDTrueTypeFont] - Using fallback font 'ArialMT' for 'Trebuchet MS'
2025-04-17 05:33:46 [WARN ] [pool-3-thread-1] [org.apache.pdfbox.pdmodel.font.PDTrueTypeFont] - Using fallback font 'ArialMT' for 'Microsoft Sans Serif'
2025-04-17 05:33:46 [ERROR] [pool-3-thread-1] [com.finance.stockMarket.app.service.CamsKFinTechPDFPerserService] - Error in CamsKFinTechPDFPerserService:processFile()
java.lang.NullPointerException: Cannot invoke "String.equals(Object)" because the return value of "com.finance.stockMarket.app.dto.CamsKFinTechDto.getPhoneNumber()" is null
	at com.finance.stockMarket.app.service.CamsKFinTechPDFPerserService.validateAndSaveIntoDB(CamsKFinTechPDFPerserService.java:132)
	at com.finance.stockMarket.app.service.CamsKFinTechPDFPerserService.processFile(CamsKFinTechPDFPerserService.java:44)
	at com.finance.stockMarket.app.service.SaveOrderService.lambda$0(SaveOrderService.java:65)
	at java.base/java.util.concurrent.FutureTask.run(FutureTask.java:317)
	at java.base/java.util.concurrent.ThreadPoolExecutor.runWorker(ThreadPoolExecutor.java:1144)
	at java.base/java.util.concurrent.ThreadPoolExecutor$Worker.run(ThreadPoolExecutor.java:642)
	at java.base/java.lang.Thread.run(Thread.java:1583)
