#
# There is insufficient memory for the Java Runtime Environment to continue.
# Native memory allocation (malloc) failed to allocate 1048576 bytes. Error detail: AllocateHeap
# Possible reasons:
#   The system is out of physical RAM or swap space
#   This process is running with CompressedOops enabled, and the Java Heap may be blocking the growth of the native heap
# Possible solutions:
#   Reduce memory load on the system
#   Increase physical memory or swap space
#   Check if swap backing store is full
#   Decrease Java heap size (-Xmx/-Xms)
#   Decrease number of Java threads
#   Decrease Java thread stack sizes (-Xss)
#   Set larger code cache with -XX:ReservedCodeCacheSize=
#   JVM is running with Unscaled Compressed Oops mode in which the Java heap is
#     placed in the first 4GB address space. The Java Heap base address is the
#     maximum limit for the native heap growth. Please use -XX:HeapBaseMinAddress
#     to set the Java Heap base and to place the Java Heap above 4GB virtual address.
# This output file may be truncated or incomplete.
#
#  Out of Memory Error (allocation.cpp:44), pid=30556, tid=21560
#
# JRE version:  (21.0.6+7) (build )
# Java VM: OpenJDK 64-Bit Server VM (21.0.6+7-LTS, mixed mode, sharing, tiered, compressed oops, compressed class ptrs, parallel gc, windows-amd64)
# No core dump will be written. Minidumps are not enabled by default on client versions of Windows
#

---------------  S U M M A R Y ------------

Command Line: --add-modules=ALL-SYSTEM --add-opens=java.base/java.util=ALL-UNNAMED --add-opens=java.base/java.lang=ALL-UNNAMED --add-opens=java.base/sun.nio.fs=ALL-UNNAMED -Declipse.application=org.eclipse.jdt.ls.core.id1 -Dosgi.bundles.defaultStartLevel=4 -Declipse.product=org.eclipse.jdt.ls.core.product -Djava.import.generatesMetadataFilesAtProjectRoot=false -DDetectVMInstallationsJob.disabled=true -Dfile.encoding=utf8 -XX:+UseParallelGC -XX:GCTimeRatio=4 -XX:AdaptiveSizePolicyWeight=90 -Dsun.zip.disableMemoryMapping=true -Xmx1G -Xms100m -Xlog:disable -javaagent:c:\Users\sayan\.vscode\extensions\redhat.java-1.41.1-win32-x64\lombok\lombok-1.18.36.jar -XX:+HeapDumpOnOutOfMemoryError -XX:HeapDumpPath=c:\Users\sayan\AppData\Roaming\Code\User\workspaceStorage\6d366bb0b39eb6769f03f58badaee0d7\redhat.java -Daether.dependencyCollector.impl=bf c:\Users\sayan\.vscode\extensions\redhat.java-1.41.1-win32-x64\server\plugins\org.eclipse.equinox.launcher_1.7.0.v20250331-1702.jar -configuration c:\Users\sayan\AppData\Roaming\Code\User\globalStorage\redhat.java\1.41.1\config_win -data c:\Users\sayan\AppData\Roaming\Code\User\workspaceStorage\6d366bb0b39eb6769f03f58badaee0d7\redhat.java\jdt_ws --pipe=\\.\pipe\lsp-bcdf06915de87b2435c2666ce5ea81c5-sock

Host: 13th Gen Intel(R) Core(TM) i7-13700K, 24 cores, 31G,  Windows 11 , 64 bit Build 26100 (10.0.26100.3775)
Time: Sun Apr 13 20:27:04 2025 India Standard Time elapsed time: 1.206773 seconds (0d 0h 0m 1s)

---------------  T H R E A D  ---------------

Current thread (0x000002553338b6d0):  JavaThread "Unknown thread" [_thread_in_vm, id=21560, stack(0x000000b844100000,0x000000b844200000) (1024K)]

Stack: [0x000000b844100000,0x000000b844200000]
Native frames: (J=compiled Java code, j=interpreted, Vv=VM code, C=native code)
V  [jvm.dll+0x6cdee9]
V  [jvm.dll+0x8a83d1]
V  [jvm.dll+0x8aa8fe]
V  [jvm.dll+0x8aafe3]
V  [jvm.dll+0x27f706]
V  [jvm.dll+0xbfb37]
V  [jvm.dll+0x702102]
V  [jvm.dll+0x702e3c]
V  [jvm.dll+0x6dcc13]
V  [jvm.dll+0x871cdc]
V  [jvm.dll+0x3bc2dc]
V  [jvm.dll+0x85a868]
V  [jvm.dll+0x45066e]
V  [jvm.dll+0x4522b1]
C  [jli.dll+0x5278]
C  [ucrtbase.dll+0x37b0]
C  [KERNEL32.DLL+0x2e8d7]
C  [ntdll.dll+0xb14fc]


---------------  P R O C E S S  ---------------

Threads class SMR info:
_java_thread_list=0x00000255358b5e30, length=1, elements={
0x000002553338b6d0
}

Java Threads: ( => current thread )
=>0x000002553338b6d0 JavaThread "Unknown thread"             [_thread_in_vm, id=21560, stack(0x000000b844100000,0x000000b844200000) (1024K)]
Total: 1

Other Threads:
  0x0000025549b5ca00 WatcherThread "VM Periodic Task Thread"        [id=35812, stack(0x000000b844300000,0x000000b844400000) (1024K)]
  0x00000255358a9230 WorkerThread "GC Thread#0"                     [id=6200, stack(0x000000b844200000,0x000000b844300000) (1024K)]
Total: 2

Threads with active compile tasks:
Total: 0

VM state: not at safepoint (normal execution)

VM Mutex/Monitor currently owned by a thread: None

Heap address: 0x00000000c0000000, size: 1024 MB, Compressed Oops mode: 32-bit

CDS archive(s) mapped at: [0x000002554a000000-0x000002554aba0000-0x000002554aba0000), size 12189696, SharedBaseAddress: 0x000002554a000000, ArchiveRelocationMode: 1.
Compressed class space mapped at: 0x000002554b000000-0x000002558b000000, reserved size: 1073741824
Narrow klass base: 0x000002554a000000, Narrow klass shift: 0, Narrow klass range: 0x100000000

GC Precious Log:
 CardTable entry size: 512
 CPUs: 24 total, 24 available
 Memory: 32485M
 Large Page Support: Disabled
 NUMA Support: Disabled
 Compressed Oops: Enabled (32-bit)
 Alignments: Space 512K, Generation 512K, Heap 2M
 Heap Min Capacity: 100M
 Heap Initial Capacity: 100M
 Heap Max Capacity: 1G
 Pre-touch: Disabled
 Parallel Workers: 18

Heap:
 PSYoungGen      total 29696K, used 512K [0x00000000eab00000, 0x00000000ecc00000, 0x0000000100000000)
  eden space 25600K, 2% used [0x00000000eab00000,0x00000000eab80020,0x00000000ec400000)
  from space 4096K, 0% used [0x00000000ec800000,0x00000000ec800000,0x00000000ecc00000)
  to   space 4096K, 0% used [0x00000000ec400000,0x00000000ec400000,0x00000000ec800000)
 ParOldGen       total 68608K, used 0K [0x00000000c0000000, 0x00000000c4300000, 0x00000000eab00000)
  object space 68608K, 0% used [0x00000000c0000000,0x00000000c0000000,0x00000000c4300000)
 Metaspace       used 0K, committed 0K, reserved 1048576K
  class space    used 0K, committed 0K, reserved 1048576K

Card table byte_map: [0x0000025535230000,0x0000025535440000] _byte_map_base: 0x0000025534c30000

Marking Bits: (ParMarkBitMap*) 0x00007ffe34be3260
 Begin Bits: [0x0000025547a80000, 0x0000025548a80000)
 End Bits:   [0x0000025548a80000, 0x0000025549a80000)

Polling page: 0x0000025533330000

Metaspace:

Usage:
  Non-class:      0 bytes used.
      Class:      0 bytes used.
       Both:      0 bytes used.

Virtual space:
  Non-class space:        0 bytes reserved,       0 bytes (  ?%) committed,  0 nodes.
      Class space:        1.00 GB reserved,       0 bytes (  0%) committed,  1 nodes.
             Both:        1.00 GB reserved,       0 bytes (  0%) committed. 

Chunk freelists:
   Non-Class:  0 bytes
       Class:  16.00 MB
        Both:  16.00 MB

MaxMetaspaceSize: unlimited
CompressedClassSpaceSize: 1.00 GB
Initial GC threshold: 21.00 MB
Current GC threshold: 17179869184.00 GB
CDS: on
 - commit_granule_bytes: 65536.
 - commit_granule_words: 8192.
 - virtual_space_node_default_size: 8388608.
 - enlarge_chunks_in_place: 1.
 - use_allocation_guard: 0.


Internal statistics:

num_allocs_failed_limit: 0.
num_arena_births: 0.
num_arena_deaths: 0.
num_vsnodes_births: 1.
num_vsnodes_deaths: 0.
num_space_committed: 0.
num_space_uncommitted: 0.
num_chunks_returned_to_freelist: 0.
num_chunks_taken_from_freelist: 1.
num_chunk_merges: 0.
num_chunk_splits: 1.
num_chunks_enlarged: 0.
num_inconsistent_stats: 0.

CodeHeap 'non-profiled nmethods': size=119168Kb used=0Kb max_used=0Kb free=119168Kb
 bounds [0x0000025540620000, 0x0000025540890000, 0x0000025547a80000]
CodeHeap 'profiled nmethods': size=119104Kb used=0Kb max_used=0Kb free=119104Kb
 bounds [0x0000025538a80000, 0x0000025538cf0000, 0x000002553fed0000]
CodeHeap 'non-nmethods': size=7488Kb used=194Kb max_used=342Kb free=7293Kb
 bounds [0x000002553fed0000, 0x0000025540140000, 0x0000025540620000]
 total_blobs=70 nmethods=0 adapters=48
 compilation: enabled
              stopped_count=0, restarted_count=0
 full_count=0

Compilation events (0 events):
No events

GC Heap History (0 events):
No events

Dll operation events (1 events):
Event: 0.025 Loaded shared library c:\Users\sayan\.vscode\extensions\redhat.java-1.41.1-win32-x64\jre\21.0.6-win32-x86_64\bin\java.dll

Deoptimization events (0 events):
No events

Classes loaded (0 events):
No events

Classes unloaded (0 events):
No events

Classes redefined (0 events):
No events

Internal exceptions (0 events):
No events

ZGC Phase Switch (0 events):
No events

VM Operations (0 events):
No events

Memory protections (0 events):
No events

Nmethod flushes (0 events):
No events

Events (1 events):
Event: 0.379 Thread 0x000002553338b6d0 Thread added: 0x000002553338b6d0


Dynamic libraries:
0x00007ff60a590000 - 0x00007ff60a59e000 	c:\Users\sayan\.vscode\extensions\redhat.java-1.41.1-win32-x64\jre\21.0.6-win32-x86_64\bin\java.exe
0x00007ffeb8600000 - 0x00007ffeb8860000 	C:\WINDOWS\SYSTEM32\ntdll.dll
0x00007ffeb7440000 - 0x00007ffeb7507000 	C:\WINDOWS\System32\KERNEL32.DLL
0x00007ffeb5ae0000 - 0x00007ffeb5eaa000 	C:\WINDOWS\System32\KERNELBASE.dll
0x00007ffeb57e0000 - 0x00007ffeb592b000 	C:\WINDOWS\System32\ucrtbase.dll
0x00007ffeaff70000 - 0x00007ffeaff8e000 	c:\Users\sayan\.vscode\extensions\redhat.java-1.41.1-win32-x64\jre\21.0.6-win32-x86_64\bin\VCRUNTIME140.dll
0x00007ffe96370000 - 0x00007ffe96388000 	c:\Users\sayan\.vscode\extensions\redhat.java-1.41.1-win32-x64\jre\21.0.6-win32-x86_64\bin\jli.dll
0x00007ffe903d0000 - 0x00007ffe90667000 	C:\WINDOWS\WinSxS\amd64_microsoft.windows.common-controls_6595b64144ccf1df_6.0.26100.3624_none_3e086962e3345f24\COMCTL32.dll
0x00007ffeb7770000 - 0x00007ffeb793c000 	C:\WINDOWS\System32\USER32.dll
0x00007ffeb5930000 - 0x00007ffeb5957000 	C:\WINDOWS\System32\win32u.dll
0x00007ffeb8380000 - 0x00007ffeb8429000 	C:\WINDOWS\System32\msvcrt.dll
0x00007ffeb8590000 - 0x00007ffeb85ba000 	C:\WINDOWS\System32\GDI32.dll
0x00007ffeb6200000 - 0x00007ffeb6331000 	C:\WINDOWS\System32\gdi32full.dll
0x00007ffeb6150000 - 0x00007ffeb61f3000 	C:\WINDOWS\System32\msvcp_win.dll
0x00007ffeb7680000 - 0x00007ffeb76af000 	C:\WINDOWS\System32\IMM32.DLL
0x00007ffeb0670000 - 0x00007ffeb067c000 	c:\Users\sayan\.vscode\extensions\redhat.java-1.41.1-win32-x64\jre\21.0.6-win32-x86_64\bin\vcruntime140_1.dll
0x00007ffe5aef0000 - 0x00007ffe5af7d000 	c:\Users\sayan\.vscode\extensions\redhat.java-1.41.1-win32-x64\jre\21.0.6-win32-x86_64\bin\msvcp140.dll
0x00007ffe33f30000 - 0x00007ffe34cc0000 	c:\Users\sayan\.vscode\extensions\redhat.java-1.41.1-win32-x64\jre\21.0.6-win32-x86_64\bin\server\jvm.dll
0x00007ffeb68f0000 - 0x00007ffeb69a2000 	C:\WINDOWS\System32\ADVAPI32.dll
0x00007ffeb76c0000 - 0x00007ffeb7766000 	C:\WINDOWS\System32\sechost.dll
0x00007ffeb6da0000 - 0x00007ffeb6eb6000 	C:\WINDOWS\System32\RPCRT4.dll
0x00007ffeb6670000 - 0x00007ffeb66e4000 	C:\WINDOWS\System32\WS2_32.dll
0x00007ffeb5010000 - 0x00007ffeb506e000 	C:\WINDOWS\SYSTEM32\POWRPROF.dll
0x00007ffead9e0000 - 0x00007ffead9eb000 	C:\WINDOWS\SYSTEM32\VERSION.dll
0x00007ffeae920000 - 0x00007ffeae956000 	C:\WINDOWS\SYSTEM32\WINMM.dll
0x00007ffeb4ff0000 - 0x00007ffeb5004000 	C:\WINDOWS\SYSTEM32\UMPDC.dll
0x00007ffeb45b0000 - 0x00007ffeb45ca000 	C:\WINDOWS\SYSTEM32\kernel.appcore.dll
0x00007ffe96360000 - 0x00007ffe9636a000 	c:\Users\sayan\.vscode\extensions\redhat.java-1.41.1-win32-x64\jre\21.0.6-win32-x86_64\bin\jimage.dll
0x00007ffeb3040000 - 0x00007ffeb3281000 	C:\WINDOWS\SYSTEM32\DBGHELP.DLL
0x00007ffeb6a10000 - 0x00007ffeb6d92000 	C:\WINDOWS\System32\combase.dll
0x00007ffeb7940000 - 0x00007ffeb7a16000 	C:\WINDOWS\System32\OLEAUT32.dll
0x00007ffe7eca0000 - 0x00007ffe7ecd9000 	C:\WINDOWS\SYSTEM32\dbgcore.DLL
0x00007ffeb60b0000 - 0x00007ffeb6149000 	C:\WINDOWS\System32\bcryptPrimitives.dll
0x00007ffe96330000 - 0x00007ffe9633f000 	c:\Users\sayan\.vscode\extensions\redhat.java-1.41.1-win32-x64\jre\21.0.6-win32-x86_64\bin\instrument.dll
0x00007ffe82e50000 - 0x00007ffe82e6f000 	c:\Users\sayan\.vscode\extensions\redhat.java-1.41.1-win32-x64\jre\21.0.6-win32-x86_64\bin\java.dll

dbghelp: loaded successfully - version: 4.0.5 - missing functions: none
symbol engine: initialized successfully - sym options: 0x614 - pdb path: .;c:\Users\sayan\.vscode\extensions\redhat.java-1.41.1-win32-x64\jre\21.0.6-win32-x86_64\bin;C:\WINDOWS\SYSTEM32;C:\WINDOWS\WinSxS\amd64_microsoft.windows.common-controls_6595b64144ccf1df_6.0.26100.3624_none_3e086962e3345f24;c:\Users\sayan\.vscode\extensions\redhat.java-1.41.1-win32-x64\jre\21.0.6-win32-x86_64\bin\server

VM Arguments:
jvm_args: --add-modules=ALL-SYSTEM --add-opens=java.base/java.util=ALL-UNNAMED --add-opens=java.base/java.lang=ALL-UNNAMED --add-opens=java.base/sun.nio.fs=ALL-UNNAMED -Declipse.application=org.eclipse.jdt.ls.core.id1 -Dosgi.bundles.defaultStartLevel=4 -Declipse.product=org.eclipse.jdt.ls.core.product -Djava.import.generatesMetadataFilesAtProjectRoot=false -DDetectVMInstallationsJob.disabled=true -Dfile.encoding=utf8 -XX:+UseParallelGC -XX:GCTimeRatio=4 -XX:AdaptiveSizePolicyWeight=90 -Dsun.zip.disableMemoryMapping=true -Xmx1G -Xms100m -Xlog:disable -javaagent:c:\Users\sayan\.vscode\extensions\redhat.java-1.41.1-win32-x64\lombok\lombok-1.18.36.jar -XX:+HeapDumpOnOutOfMemoryError -XX:HeapDumpPath=c:\Users\sayan\AppData\Roaming\Code\User\workspaceStorage\6d366bb0b39eb6769f03f58badaee0d7\redhat.java -Daether.dependencyCollector.impl=bf 
java_command: c:\Users\sayan\.vscode\extensions\redhat.java-1.41.1-win32-x64\server\plugins\org.eclipse.equinox.launcher_1.7.0.v20250331-1702.jar -configuration c:\Users\sayan\AppData\Roaming\Code\User\globalStorage\redhat.java\1.41.1\config_win -data c:\Users\sayan\AppData\Roaming\Code\User\workspaceStorage\6d366bb0b39eb6769f03f58badaee0d7\redhat.java\jdt_ws --pipe=\\.\pipe\lsp-bcdf06915de87b2435c2666ce5ea81c5-sock
java_class_path (initial): c:\Users\sayan\.vscode\extensions\redhat.java-1.41.1-win32-x64\server\plugins\org.eclipse.equinox.launcher_1.7.0.v20250331-1702.jar
Launcher Type: SUN_STANDARD

[Global flags]
    uintx AdaptiveSizePolicyWeight                 = 90                                        {product} {command line}
     intx CICompilerCount                          = 12                                        {product} {ergonomic}
    uintx GCTimeRatio                              = 4                                         {product} {command line}
     bool HeapDumpOnOutOfMemoryError               = true                                   {manageable} {command line}
    ccstr HeapDumpPath                             = c:\Users\sayan\AppData\Roaming\Code\User\workspaceStorage\6d366bb0b39eb6769f03f58badaee0d7\redhat.java         {manageable} {command line}
   size_t InitialHeapSize                          = 104857600                                 {product} {command line}
   size_t MaxHeapSize                              = 1073741824                                {product} {command line}
   size_t MaxNewSize                               = 357564416                                 {product} {ergonomic}
   size_t MinHeapDeltaBytes                        = 524288                                    {product} {ergonomic}
   size_t MinHeapSize                              = 104857600                                 {product} {command line}
   size_t NewSize                                  = 34603008                                  {product} {ergonomic}
    uintx NonNMethodCodeHeapSize                   = 7602480                                {pd product} {ergonomic}
    uintx NonProfiledCodeHeapSize                  = 122027880                              {pd product} {ergonomic}
   size_t OldSize                                  = 70254592                                  {product} {ergonomic}
    uintx ProfiledCodeHeapSize                     = 122027880                              {pd product} {ergonomic}
    uintx ReservedCodeCacheSize                    = 251658240                              {pd product} {ergonomic}
     bool SegmentedCodeCache                       = true                                      {product} {ergonomic}
   size_t SoftMaxHeapSize                          = 1073741824                             {manageable} {ergonomic}
     bool UseCompressedOops                        = true                           {product lp64_product} {ergonomic}
     bool UseLargePagesIndividualAllocation        = false                                  {pd product} {ergonomic}
     bool UseParallelGC                            = true                                      {product} {command line}

Logging:
Log output configuration:
 #0: stdout all=off uptime,level,tags foldmultilines=false
 #1: stderr all=off uptime,level,tags foldmultilines=false

Environment Variables:
JAVA_HOME=C:\Program Files\RedHat\java-21-openjdk-21.0.6.0.7-1
PATH=C:\Program Files\Common Files\Oracle\Java\javapath;C:\WINDOWS\system32;C:\WINDOWS;C:\WINDOWS\System32\Wbem;C:\WINDOWS\System32\WindowsPowerShell\v1.0\;C:\WINDOWS\System32\OpenSSH\;C:\Program Files\dotnet\;C:\Program Files\NVIDIA Corporation\NVIDIA app\NvDLISR;C:\Program Files (x86)\NVIDIA Corporation\PhysX\Common;C:\Program Files\RedHat\java-21-openjdk-21.0.6.0.7-1\bin;C:\Program Files\RedHat\java-21-openjdk-21.0.6.0.7-1.jre\bin;C:\ProgramData\chocolatey\bin;C:\ProgramData\chocolatey\lib\maven\apache-maven-3.9.9\bin;C:\Program Files\Git\cmd;C:\Users\sayan\AppData\Local\Programs\Python\Python312\Scripts\;C:\Users\sayan\AppData\Local\Programs\Python\Python312\;C:\Users\sayan\AppData\Local\Microsoft\WindowsApps;C:\Users\sayan\AppData\Local\Programs\Microsoft VS Code\bin;C:\Users\sayan\AppData\Local\GitHubDesktop\bin;
USERNAME=sayan
OS=Windows_NT
PROCESSOR_IDENTIFIER=Intel64 Family 6 Model 183 Stepping 1, GenuineIntel
TMP=C:\Users\sayan\AppData\Local\Temp
TEMP=C:\Users\sayan\AppData\Local\Temp




Periodic native trim disabled

---------------  S Y S T E M  ---------------

OS:
 Windows 11 , 64 bit Build 26100 (10.0.26100.3775)
OS uptime: 0 days 0:38 hours
Hyper-V role detected

CPU: total 24 (initial active 24) (12 cores per cpu, 2 threads per core) family 6 model 183 stepping 1 microcode 0x12b, cx8, cmov, fxsr, ht, mmx, 3dnowpref, sse, sse2, sse3, ssse3, sse4.1, sse4.2, popcnt, lzcnt, tsc, tscinvbit, avx, avx2, aes, erms, clmul, bmi1, bmi2, adx, sha, fma, vzeroupper, clflush, clflushopt, clwb, hv, serialize, rdtscp, rdpid, fsrm, f16c, cet_ibt, cet_ss
Processor Information for the first 24 processors :
  Max Mhz: 3400, Current Mhz: 3400, Mhz Limit: 3400

Memory: 4k page, system-wide physical 32485M (2575M free)
TotalPageFile size 130789M (AvailPageFile size 22M)
current process WorkingSet (physical memory assigned to process): 26M, peak: 26M
current process commit charge ("private bytes"): 193M, peak: 194M

vm_info: OpenJDK 64-Bit Server VM (21.0.6+7-LTS) for windows-amd64 JRE (21.0.6+7-LTS), built on 2025-01-21T00:00:00Z by "admin" with MS VC++ 17.7 (VS2022)

END.
